RUN	com.contrastsecurity.sast.tests.HarmonySimulation	harmonysimulation	1626436955918	 	3.4.1
USER	Scan artifact	START	1626436956460
REQUEST		Create Project Test WebGoat Server-feb003d8-a31e-44dd-9bb1-af715bebf2de for org d89d9103-89c7-4a74-968e-a8b93ea8f7bb	1626436956487	1626436957134	OK	 
REQUEST		Upload Artifact archives/external/webgoat-server-8.1.0.jar for project f55cdfbb-5f95-40bd-9100-36b012dd5a91	1626436957184	1626436972803	OK	 
REQUEST		Scan Artifact 166626e7-d1d7-4ec5-b602-27c1f92a5b26	1626436972805	1626436973273	OK	 
REQUEST		Get Scan Status for scan 726444e4-c8f3-472a-90ad-b96a9e32f3cc	1626436973276	1626436973643	OK	 
REQUEST		Get Scan Status for scan 726444e4-c8f3-472a-90ad-b96a9e32f3cc	1626436978653	1626436979049	OK	 
REQUEST		Get Scan Status for scan 726444e4-c8f3-472a-90ad-b96a9e32f3cc	1626436984055	1626436984397	OK	 
REQUEST		Get Scan Status for scan 726444e4-c8f3-472a-90ad-b96a9e32f3cc	1626436989401	1626436989615	OK	 
REQUEST		Get Scan Status for scan 726444e4-c8f3-472a-90ad-b96a9e32f3cc	1626436994619	1626436995100	OK	 
REQUEST		Get Scan Status for scan 726444e4-c8f3-472a-90ad-b96a9e32f3cc	1626437000107	1626437000458	OK	 
REQUEST		Get Scan Status for scan 726444e4-c8f3-472a-90ad-b96a9e32f3cc	1626437005463	1626437005878	OK	 
REQUEST		Get Scan Status for scan 726444e4-c8f3-472a-90ad-b96a9e32f3cc	1626437010884	1626437011216	OK	 
REQUEST		Get Scan Status for scan 726444e4-c8f3-472a-90ad-b96a9e32f3cc	1626437016219	1626437016575	OK	 
REQUEST		Get Scan Status for scan 726444e4-c8f3-472a-90ad-b96a9e32f3cc	1626437021580	1626437021923	OK	 
REQUEST		Get Scan Status for scan 726444e4-c8f3-472a-90ad-b96a9e32f3cc	1626437026930	1626437027280	OK	 
REQUEST		Get Scan Status for scan 726444e4-c8f3-472a-90ad-b96a9e32f3cc	1626437032287	1626437032707	OK	 
REQUEST		Get Scan Status for scan 726444e4-c8f3-472a-90ad-b96a9e32f3cc	1626437037712	1626437038134	OK	 
REQUEST		Get Scan Status for scan 726444e4-c8f3-472a-90ad-b96a9e32f3cc	1626437043139	1626437043530	KO	 
REQUEST		Get Scan Status for scan 726444e4-c8f3-472a-90ad-b96a9e32f3cc	1626437048532	1626437048876	OK	 
REQUEST		Get Scan Status for scan 726444e4-c8f3-472a-90ad-b96a9e32f3cc	1626437053882	1626437054287	OK	 
REQUEST		Get Scan Status for scan 726444e4-c8f3-472a-90ad-b96a9e32f3cc	1626437059292	1626437059634	OK	 
REQUEST		Get Scan Status for scan 726444e4-c8f3-472a-90ad-b96a9e32f3cc	1626437064640	1626437065045	OK	 
REQUEST		Get Scan Status for scan 726444e4-c8f3-472a-90ad-b96a9e32f3cc	1626437070051	1626437070386	OK	 
REQUEST		Get Scan Status for scan 726444e4-c8f3-472a-90ad-b96a9e32f3cc	1626437075389	1626437075730	OK	 
REQUEST		Get Scan Status for scan 726444e4-c8f3-472a-90ad-b96a9e32f3cc	1626437080737	1626437081108	OK	 
REQUEST		Get Scan Status for scan 726444e4-c8f3-472a-90ad-b96a9e32f3cc	1626437086114	1626437086486	OK	 
REQUEST		Get Scan Status for scan 726444e4-c8f3-472a-90ad-b96a9e32f3cc	1626437091493	1626437091884	OK	 
REQUEST		Get Scan Status for scan 726444e4-c8f3-472a-90ad-b96a9e32f3cc	1626437096889	1626437097212	OK	 
REQUEST		Get Scan Status for scan 726444e4-c8f3-472a-90ad-b96a9e32f3cc	1626437102218	1626437102608	OK	 
REQUEST		Get Scan Status for scan 726444e4-c8f3-472a-90ad-b96a9e32f3cc	1626437107611	1626437108001	OK	 
REQUEST		Get Scan Status for scan 726444e4-c8f3-472a-90ad-b96a9e32f3cc	1626437113005	1626437113342	OK	 
REQUEST		Get Scan Status for scan 726444e4-c8f3-472a-90ad-b96a9e32f3cc	1626437118348	1626437118689	OK	 
REQUEST		Get Scan Status for scan 726444e4-c8f3-472a-90ad-b96a9e32f3cc	1626437123694	1626437124024	OK	 
REQUEST		Get Scan Status for scan 726444e4-c8f3-472a-90ad-b96a9e32f3cc	1626437129028	1626437129403	OK	 
REQUEST		Get Scan Status for scan 726444e4-c8f3-472a-90ad-b96a9e32f3cc	1626437134405	1626437134727	OK	 
REQUEST		Get Scan Status for scan 726444e4-c8f3-472a-90ad-b96a9e32f3cc	1626437139729	1626437140101	OK	 
REQUEST		Get Scan Status for scan 726444e4-c8f3-472a-90ad-b96a9e32f3cc	1626437145104	1626437145509	OK	 
REQUEST		Get Scan Status for scan 726444e4-c8f3-472a-90ad-b96a9e32f3cc	1626437150514	1626437150845	OK	 
REQUEST		Get Scan Status for scan 726444e4-c8f3-472a-90ad-b96a9e32f3cc	1626437155851	1626437156217	OK	 
REQUEST		Get Scan Status for scan 726444e4-c8f3-472a-90ad-b96a9e32f3cc	1626437161220	1626437161545	OK	 
REQUEST		Get Scan Status for scan 726444e4-c8f3-472a-90ad-b96a9e32f3cc	1626437166551	1626437166939	OK	 
REQUEST		Get Scan Status for scan 726444e4-c8f3-472a-90ad-b96a9e32f3cc	1626437171944	1626437172377	OK	 
REQUEST		Get Scan Status for scan 726444e4-c8f3-472a-90ad-b96a9e32f3cc	1626437177383	1626437177727	OK	 
REQUEST		Get Scan Status for scan 726444e4-c8f3-472a-90ad-b96a9e32f3cc	1626437182733	1626437183107	OK	 
REQUEST		Get Scan Status for scan 726444e4-c8f3-472a-90ad-b96a9e32f3cc	1626437188109	1626437188457	OK	 
REQUEST		Get Scan Status for scan 726444e4-c8f3-472a-90ad-b96a9e32f3cc	1626437193463	1626437193785	OK	 
REQUEST		Get Scan Status for scan 726444e4-c8f3-472a-90ad-b96a9e32f3cc	1626437198789	1626437199131	OK	 
REQUEST		Get Scan Status for scan 726444e4-c8f3-472a-90ad-b96a9e32f3cc	1626437204134	1626437204697	OK	 
REQUEST		Get Scan Status for scan 726444e4-c8f3-472a-90ad-b96a9e32f3cc	1626437209701	1626437210075	OK	 
REQUEST		Get Scan Status for scan 726444e4-c8f3-472a-90ad-b96a9e32f3cc	1626437215080	1626437215465	OK	 
REQUEST		Get Scan Status for scan 726444e4-c8f3-472a-90ad-b96a9e32f3cc	1626437220469	1626437220838	OK	 
REQUEST		Get Scan Status for scan 726444e4-c8f3-472a-90ad-b96a9e32f3cc	1626437225844	1626437226214	OK	 
REQUEST		Get Scan Status for scan 726444e4-c8f3-472a-90ad-b96a9e32f3cc	1626437231217	1626437231555	OK	 
REQUEST		Get Scan Status for scan 726444e4-c8f3-472a-90ad-b96a9e32f3cc	1626437236557	1626437236963	OK	 
REQUEST		Get Scan Status for scan 726444e4-c8f3-472a-90ad-b96a9e32f3cc	1626437241969	1626437242303	OK	 
REQUEST		Get Scan Status for scan 726444e4-c8f3-472a-90ad-b96a9e32f3cc	1626437247306	1626437247631	OK	 
REQUEST		Get results for scan 726444e4-c8f3-472a-90ad-b96a9e32f3cc	1626437247633	1626437248356	OK	 
REQUEST		Get Project Overview for project f55cdfbb-5f95-40bd-9100-36b012dd5a91	1626437253362	1626437253806	OK	 
REQUEST		Get Scan Overview for scan 726444e4-c8f3-472a-90ad-b96a9e32f3cc	1626437253807	1626437254667	OK	 
USER	Scan artifact	END	1626437254685
